<?xml version="1.0" encoding="UTF-8"?>
<!-- Generated by org.testng.reporters.JUnitReportReporter -->
<testsuite hostname="RAYAN" failures="0" tests="1" name="com.lucky.Automation5.class3" time="20.210" errors="0" timestamp="2023-08-28T20:36:51 EDT" skipped="0">
  <testcase classname="com.lucky.Automation5.class3" name="lucky" time="20.210"/>
</testsuite> <!-- com.lucky.Automation5.class3 -->
