<?xml version="1.0" encoding="UTF-8"?>
<!-- Generated by org.testng.reporters.JUnitReportReporter -->
<testsuite hostname="RAYAN" failures="0" tests="1" name="com.lucky.Automation5.xpath" time="13.114" errors="0" timestamp="2023-08-28T20:50:50 EDT" skipped="0">
  <testcase classname="com.lucky.Automation5.xpath" name="good" time="13.114"/>
</testsuite> <!-- com.lucky.Automation5.xpath -->
