<?xml version="1.0" encoding="UTF-8"?>
<!-- Generated by org.testng.reporters.JUnitReportReporter -->
<testsuite hostname="RAYAN" failures="0" tests="1" name="com.lucky.Automation5.xpath1" time="8.286" errors="0" timestamp="2023-08-28T19:08:32 EDT" skipped="0">
  <testcase classname="com.lucky.Automation5.xpath1" name="happy" time="8.286"/>
</testsuite> <!-- com.lucky.Automation5.xpath1 -->
