<?xml version="1.0" encoding="UTF-8"?>
<!-- Generated by org.testng.reporters.JUnitReportReporter -->
<testsuite hostname="RAYAN" failures="0" tests="1" name="com.lucky.Automation5.class1" time="34.541" errors="0" timestamp="2023-08-28T18:57:33 EDT" skipped="0">
  <testcase classname="com.lucky.Automation5.class1" name="tom" time="34.541"/>
</testsuite> <!-- com.lucky.Automation5.class1 -->
