<?xml version="1.0" encoding="UTF-8"?>
<!-- Generated by org.testng.reporters.JUnitReportReporter -->
<testsuite hostname="RAYAN" failures="0" tests="1" name="com.lucky.Automation5.amazon" time="28.760" errors="0" timestamp="2023-09-01T16:44:02 EDT" skipped="0">
  <testcase classname="com.lucky.Automation5.amazon" name="pink" time="28.760"/>
</testsuite> <!-- com.lucky.Automation5.amazon -->
